<?xml version="1.0" encoding="UTF-8"?>
<!-- Generated by org.testng.reporters.JUnitReportReporter -->
<testsuite hostname="USER-20171124JD" name="com.aspire.day2.ImplicitlyWait" tests="1" failures="0" timestamp="27 Oct 2021 08:05:33 GMT" time="17.828" errors="0">
  <testcase name="selectTest" time="17.828" classname="com.aspire.day2.ImplicitlyWait"/>
</testsuite> <!-- com.aspire.day2.ImplicitlyWait -->
