<?xml version="1.0" encoding="UTF-8"?>
<!-- Generated by org.testng.reporters.JUnitReportReporter -->
<testsuite hostname="USER-20171124JD" name="com.aspire.day1.BrowserActionsTest" tests="1" failures="0" timestamp="26 Oct 2021 09:20:16 GMT" time="29.209" errors="0">
  <testcase name="closedChrome" time="29.209" classname="com.aspire.day1.BrowserActionsTest"/>
</testsuite> <!-- com.aspire.day1.BrowserActionsTest -->
