<?xml version="1.0" encoding="UTF-8"?>
<!-- Generated by org.testng.reporters.JUnitReportReporter -->
<testsuite hostname="USER-20171124JD" name="com.aspire.day3.JSOperate" tests="1" failures="0" timestamp="28 Oct 2021 07:30:19 GMT" time="18.237" errors="0">
  <testcase name="eleDragTest" time="18.237" classname="com.aspire.day3.JSOperate"/>
</testsuite> <!-- com.aspire.day3.JSOperate -->
