<?xml version="1.0" encoding="UTF-8"?>
<!-- Generated by org.testng.reporters.JUnitReportReporter -->
<testsuite hostname="USER-20171124JD" name="com.aspire.day1.ClosedBrowserTest" tests="2" failures="0" timestamp="26 Oct 2021 09:22:26 GMT" time="20.674" errors="0">
  <testcase name="closedChrome1" time="12.269" classname="com.aspire.day1.ClosedBrowserTest"/>
  <testcase name="closedChrome2" time="8.405" classname="com.aspire.day1.ClosedBrowserTest"/>
</testsuite> <!-- com.aspire.day1.ClosedBrowserTest -->
