<?xml version="1.0" encoding="UTF-8"?>
<!-- Generated by org.testng.reporters.JUnitReportReporter -->
<testsuite hostname="USER-20171124JD" name="com.aspire.day2.Screenshot" tests="1" failures="0" timestamp="26 Oct 2021 10:22:28 GMT" time="8.460" errors="0">
  <testcase name="findElementsTest" time="8.460" classname="com.aspire.day2.Screenshot"/>
</testsuite> <!-- com.aspire.day2.Screenshot -->
