<?xml version="1.0" encoding="UTF-8"?>
<!-- Generated by org.testng.reporters.JUnitReportReporter -->
<testsuite hostname="USER-20171124JD" name="com.aspire.day2.ActionsClassTest1" tests="1" failures="0" timestamp="27 Oct 2021 10:10:59 GMT" time="16.988" errors="0">
  <testcase name="eleMoveToElementTest" time="16.988" classname="com.aspire.day2.ActionsClassTest1"/>
</testsuite> <!-- com.aspire.day2.ActionsClassTest1 -->
