<?xml version="1.0" encoding="UTF-8"?>
<!-- Generated by org.testng.reporters.JUnitReportReporter -->
<testsuite hostname="USER-20171124JD" name="com.aspire.day2.WebDriverWaitTest" tests="1" failures="0" timestamp="27 Oct 2021 09:15:23 GMT" time="18.692" errors="0">
  <testcase name="selectTest" time="18.692" classname="com.aspire.day2.WebDriverWaitTest"/>
</testsuite> <!-- com.aspire.day2.WebDriverWaitTest -->
