<?xml version="1.0" encoding="UTF-8"?>
<!-- Generated by org.testng.reporters.JUnitReportReporter -->
<testsuite hostname="USER-20171124JD" name="com.aspire.day4.POLogin" tests="1" failures="0" timestamp="29 Oct 2021 02:45:12 GMT" time="24.699" errors="0">
  <testcase name="enterRightNumber" time="24.699" classname="com.aspire.day4.POLogin"/>
</testsuite> <!-- com.aspire.day4.POLogin -->
