<?xml version="1.0" encoding="UTF-8"?>
<!-- Generated by org.testng.reporters.JUnitReportReporter -->
<testsuite hostname="USER-20171124JD" name="com.aspire.day2.WindowsHandleTest" tests="1" failures="0" timestamp="27 Oct 2021 07:34:21 GMT" time="29.009" errors="0">
  <testcase name="selectTest" time="29.009" classname="com.aspire.day2.WindowsHandleTest"/>
</testsuite> <!-- com.aspire.day2.WindowsHandleTest -->
