<?xml version="1.0" encoding="UTF-8"?>
<!-- Generated by org.testng.reporters.JUnitReportReporter -->
<testsuite hostname="USER-20171124JD" name="com.aspire.day4.POLogin" tests="1" failures="0" timestamp="2 Nov 2021 03:53:30 GMT" time="48.921" errors="0">
  <testcase name="enterRightNumber" time="48.921" classname="com.aspire.day4.POLogin"/>
</testsuite> <!-- com.aspire.day4.POLogin -->
