<?xml version="1.0" encoding="UTF-8"?>
<!-- Generated by org.testng.reporters.JUnitReportReporter -->
<testsuite hostname="USER-20171124JD" name="com.aspire.day1.FindElementsTest" tests="1" failures="0" timestamp="26 Oct 2021 10:05:51 GMT" time="25.596" errors="0">
  <testcase name="findElementsTest" time="25.596" classname="com.aspire.day1.FindElementsTest"/>
</testsuite> <!-- com.aspire.day1.FindElementsTest -->
