<?xml version="1.0" encoding="UTF-8"?>
<!-- Generated by org.testng.reporters.JUnitReportReporter -->
<testsuite hostname="USER-20171124JD" name="com.aspire.day1.TestNGDemo1" tests="2" failures="0" timestamp="26 Oct 2021 08:43:23 GMT" time="0.020" errors="0">
  <testcase name="testCase02" time="0.003" classname="com.aspire.day1.TestNGDemo1"/>
  <testcase name="testCase01" time="0.017" classname="com.aspire.day1.TestNGDemo1"/>
</testsuite> <!-- com.aspire.day1.TestNGDemo1 -->
