<?xml version="1.0" encoding="UTF-8"?>
<!-- Generated by org.testng.reporters.JUnitReportReporter -->
<testsuite hostname="USER-20171124JD" name="com.aspire.day2.ActionsClassTest" tests="1" failures="0" timestamp="27 Oct 2021 09:25:49 GMT" time="14.856" errors="0">
  <testcase name="selectTest" time="14.856" classname="com.aspire.day2.ActionsClassTest"/>
</testsuite> <!-- com.aspire.day2.ActionsClassTest -->
